2025-05-03T21:18:58: Game server running at http://localhost
2025-05-03T21:18:58: Game.js is available at http://localhost/js/game.js
2025-05-03T21:19:31: Game server running at https://ytworm25.kesug.com
2025-05-03T21:19:31: Game.js is available at https://ytworm25.kesug.com/js/game.js
2025-05-03T21:19:36: Game server running at https://ytworm25.kesug.com
2025-05-03T21:19:36: Game.js is available at https://ytworm25.kesug.com/js/game.js
2025-05-03T21:19:46: Game server running at https://ytworm25.kesug.com
2025-05-03T21:19:46: Game.js is available at https://ytworm25.kesug.com/js/game.js
2025-05-03T21:19:47: Game server running at https://ytworm25.kesug.com
2025-05-03T21:19:47: Game.js is available at https://ytworm25.kesug.com/js/game.js
2025-05-03T21:19:48: Game server running at https://ytworm25.kesug.com
2025-05-03T21:19:48: Game.js is available at https://ytworm25.kesug.com/js/game.js
2025-05-03T21:19:48: Game server running at https://ytworm25.kesug.com
2025-05-03T21:19:48: Game.js is available at https://ytworm25.kesug.com/js/game.js
2025-05-03T21:19:49: Game server running at https://ytworm25.kesug.com
2025-05-03T21:19:49: Game.js is available at https://ytworm25.kesug.com/js/game.js
2025-05-03T21:19:50: Game server running at https://ytworm25.kesug.com
2025-05-03T21:19:50: Game.js is available at https://ytworm25.kesug.com/js/game.js
2025-05-03T21:19:51: Game server running at https://ytworm25.kesug.com
2025-05-03T21:19:51: Game.js is available at https://ytworm25.kesug.com/js/game.js
2025-05-03T21:19:52: Game server running at https://ytworm25.kesug.com
2025-05-03T21:19:52: Game.js is available at https://ytworm25.kesug.com/js/game.js
2025-05-03T21:19:58: Game server running at https://ytworm25.kesug.com
2025-05-03T21:19:58: Game.js is available at https://ytworm25.kesug.com/js/game.js
2025-05-03T21:19:59: Game server running at https://ytworm25.kesug.com
2025-05-03T21:19:59: Game.js is available at https://ytworm25.kesug.com/js/game.js
2025-05-03T21:20:00: Game server running at https://ytworm25.kesug.com
2025-05-03T21:20:00: Game.js is available at https://ytworm25.kesug.com/js/game.js
2025-05-03T21:21:01: Game server running at https://ytworm25.kesug.com
2025-05-03T21:21:01: Game.js is available at https://ytworm25.kesug.com/js/game.js
2025-05-03T21:21:19: Game server running at https://ytworm25.kesug.com
2025-05-03T21:21:19: Game.js is available at https://ytworm25.kesug.com/js/game.js
2025-05-03T21:21:21: Game server running at https://ytworm25.kesug.com
2025-05-03T21:21:21: Game.js is available at https://ytworm25.kesug.com/js/game.js
2025-05-03T21:21:22: Game server running at https://ytworm25.kesug.com
2025-05-03T21:21:22: Game.js is available at https://ytworm25.kesug.com/js/game.js
2025-05-03T21:21:23: Game server running at https://ytworm25.kesug.com
2025-05-03T21:21:23: Game.js is available at https://ytworm25.kesug.com/js/game.js
2025-05-03T21:21:24: Game server running at https://ytworm25.kesug.com
2025-05-03T21:21:24: Game.js is available at https://ytworm25.kesug.com/js/game.js
2025-05-03T21:21:25: Game server running at https://ytworm25.kesug.com
2025-05-03T21:21:25: Game.js is available at https://ytworm25.kesug.com/js/game.js
2025-05-03T21:21:25: Game server running at https://ytworm25.kesug.com
2025-05-03T21:21:25: Game.js is available at https://ytworm25.kesug.com/js/game.js
2025-05-03T21:21:26: Game server running at https://ytworm25.kesug.com
2025-05-03T21:21:26: Game.js is available at https://ytworm25.kesug.com/js/game.js
2025-05-03T21:22:19: Running in HTTP mode only. HTTPS will not be available.
2025-05-03T21:22:19: HTTP server running at http://ytworm25.kesug.com
2025-05-03T21:22:19: Running in HTTP mode only. HTTPS will not be available.
2025-05-03T21:22:19: HTTP server running at http://ytworm25.kesug.com
2025-05-03T21:22:20: Running in HTTP mode only. HTTPS will not be available.
2025-05-03T21:22:20: HTTP server running at http://ytworm25.kesug.com
2025-05-03T21:22:21: Running in HTTP mode only. HTTPS will not be available.
2025-05-03T21:22:21: HTTP server running at http://ytworm25.kesug.com
2025-05-03T21:22:22: Running in HTTP mode only. HTTPS will not be available.
2025-05-03T21:22:22: HTTP server running at http://ytworm25.kesug.com
2025-05-03T21:22:24: Running in HTTP mode only. HTTPS will not be available.
2025-05-03T21:22:24: HTTP server running at http://ytworm25.kesug.com
2025-05-03T21:22:24: Running in HTTP mode only. HTTPS will not be available.
2025-05-03T21:22:24: HTTP server running at http://ytworm25.kesug.com
2025-05-03T21:22:25: Running in HTTP mode only. HTTPS will not be available.
2025-05-03T21:22:25: HTTP server running at http://ytworm25.kesug.com
2025-05-03T21:22:25: Running in HTTP mode only. HTTPS will not be available.
2025-05-03T21:22:25: HTTP server running at http://ytworm25.kesug.com
2025-05-03T21:22:26: Running in HTTP mode only. HTTPS will not be available.
2025-05-03T21:22:26: HTTP server running at http://ytworm25.kesug.com
2025-05-03T21:22:27: Running in HTTP mode only. HTTPS will not be available.
2025-05-03T21:22:27: HTTP server running at http://ytworm25.kesug.com
2025-05-03T21:22:28: Running in HTTP mode only. HTTPS will not be available.
2025-05-03T21:22:28: HTTP server running at http://ytworm25.kesug.com
2025-05-03T21:22:29: Running in HTTP mode only. HTTPS will not be available.
2025-05-03T21:22:29: HTTP server running at http://ytworm25.kesug.com
2025-05-03T21:22:30: Running in HTTP mode only. HTTPS will not be available.
2025-05-03T21:22:30: HTTP server running at http://ytworm25.kesug.com
2025-05-03T21:22:31: Running in HTTP mode only. HTTPS will not be available.
2025-05-03T21:22:31: HTTP server running at http://ytworm25.kesug.com
2025-05-03T21:22:32: Running in HTTP mode only. HTTPS will not be available.
2025-05-03T21:22:32: HTTP server running at http://ytworm25.kesug.com
2025-05-03T21:22:33: Running in HTTP mode only. HTTPS will not be available.
2025-05-03T21:22:33: HTTP server running at http://ytworm25.kesug.com
2025-05-03T21:22:34: Running in HTTP mode only. HTTPS will not be available.
2025-05-03T21:22:34: HTTP server running at http://ytworm25.kesug.com
2025-05-03T21:22:35: Running in HTTP mode only. HTTPS will not be available.
2025-05-03T21:22:35: Running in HTTP mode only. HTTPS will not be available.
2025-05-03T21:22:35: Running in HTTP mode only. HTTPS will not be available.
2025-05-03T21:22:35: Running in HTTP mode only. HTTPS will not be available.
2025-05-03T21:22:36: Running in HTTP mode only. HTTPS will not be available.
2025-05-03T21:22:36: Running in HTTP mode only. HTTPS will not be available.
2025-05-03T21:22:36: Running in HTTP mode only. HTTPS will not be available.
2025-05-03T21:22:37: Running in HTTP mode only. HTTPS will not be available.
2025-05-03T21:22:37: Running in HTTP mode only. HTTPS will not be available.
2025-05-03T21:22:37: Running in HTTP mode only. HTTPS will not be available.
2025-05-03T21:22:37: Running in HTTP mode only. HTTPS will not be available.
2025-05-03T21:22:37: Running in HTTP mode only. HTTPS will not be available.
2025-05-03T21:22:38: Running in HTTP mode only. HTTPS will not be available.
2025-05-03T21:22:38: Running in HTTP mode only. HTTPS will not be available.
2025-05-03T21:22:38: Running in HTTP mode only. HTTPS will not be available.
2025-05-03T21:22:38: Running in HTTP mode only. HTTPS will not be available.
2025-05-03T21:22:39: Running in HTTP mode only. HTTPS will not be available.
2025-05-03T21:22:39: Running in HTTP mode only. HTTPS will not be available.
2025-05-03T21:22:39: Running in HTTP mode only. HTTPS will not be available.
2025-05-03T21:22:40: Running in HTTP mode only. HTTPS will not be available.
2025-05-03T21:22:40: Running in HTTP mode only. HTTPS will not be available.
2025-05-03T21:22:40: Running in HTTP mode only. HTTPS will not be available.
2025-05-03T21:22:40: Running in HTTP mode only. HTTPS will not be available.
2025-05-03T21:22:41: Running in HTTP mode only. HTTPS will not be available.
2025-05-03T21:22:41: Running in HTTP mode only. HTTPS will not be available.
2025-05-03T21:22:41: Running in HTTP mode only. HTTPS will not be available.
2025-05-03T21:22:41: Running in HTTP mode only. HTTPS will not be available.
2025-05-03T21:22:42: Running in HTTP mode only. HTTPS will not be available.
2025-05-03T21:22:42: Running in HTTP mode only. HTTPS will not be available.
2025-05-03T21:22:42: Running in HTTP mode only. HTTPS will not be available.
2025-05-03T21:22:42: Running in HTTP mode only. HTTPS will not be available.
2025-05-03T21:22:43: Running in HTTP mode only. HTTPS will not be available.
2025-05-03T21:22:43: Running in HTTP mode only. HTTPS will not be available.
2025-05-03T21:22:43: Running in HTTP mode only. HTTPS will not be available.
2025-05-03T21:22:43: Running in HTTP mode only. HTTPS will not be available.
2025-05-03T21:22:44: Running in HTTP mode only. HTTPS will not be available.
2025-05-03T21:22:44: Running in HTTP mode only. HTTPS will not be available.
2025-05-03T21:22:44: Running in HTTP mode only. HTTPS will not be available.
2025-05-03T21:22:44: Running in HTTP mode only. HTTPS will not be available.
2025-05-03T21:22:45: Running in HTTP mode only. HTTPS will not be available.
2025-05-03T21:22:45: Running in HTTP mode only. HTTPS will not be available.
2025-05-03T21:22:45: Running in HTTP mode only. HTTPS will not be available.
2025-05-03T21:22:45: Running in HTTP mode only. HTTPS will not be available.
2025-05-03T21:22:46: Running in HTTP mode only. HTTPS will not be available.
2025-05-03T21:22:46: Running in HTTP mode only. HTTPS will not be available.
2025-05-03T21:22:46: Running in HTTP mode only. HTTPS will not be available.
2025-05-03T21:22:46: Running in HTTP mode only. HTTPS will not be available.
2025-05-03T21:22:47: Running in HTTP mode only. HTTPS will not be available.
2025-05-03T21:22:47: Running in HTTP mode only. HTTPS will not be available.
2025-05-03T21:22:47: Running in HTTP mode only. HTTPS will not be available.
2025-05-03T21:22:48: Running in HTTP mode only. HTTPS will not be available.
2025-05-03T21:22:48: Running in HTTP mode only. HTTPS will not be available.
2025-05-03T21:22:48: Running in HTTP mode only. HTTPS will not be available.
2025-05-03T21:22:48: Running in HTTP mode only. HTTPS will not be available.
2025-05-03T21:22:49: Running in HTTP mode only. HTTPS will not be available.
2025-05-03T21:22:49: Running in HTTP mode only. HTTPS will not be available.
2025-05-03T21:22:49: Running in HTTP mode only. HTTPS will not be available.
2025-05-03T21:22:49: Running in HTTP mode only. HTTPS will not be available.
2025-05-03T21:22:50: Running in HTTP mode only. HTTPS will not be available.
2025-05-03T21:22:50: Running in HTTP mode only. HTTPS will not be available.
2025-05-03T21:22:50: Running in HTTP mode only. HTTPS will not be available.
2025-05-03T21:22:50: Running in HTTP mode only. HTTPS will not be available.
2025-05-03T21:22:51: Running in HTTP mode only. HTTPS will not be available.
2025-05-03T21:22:51: Running in HTTP mode only. HTTPS will not be available.
2025-05-03T21:22:51: Running in HTTP mode only. HTTPS will not be available.
2025-05-03T21:22:52: Running in HTTP mode only. HTTPS will not be available.
2025-05-03T21:22:52: Running in HTTP mode only. HTTPS will not be available.
2025-05-03T21:22:52: Running in HTTP mode only. HTTPS will not be available.
2025-05-03T21:22:52: Running in HTTP mode only. HTTPS will not be available.
2025-05-03T21:22:53: Running in HTTP mode only. HTTPS will not be available.
2025-05-03T21:22:53: Running in HTTP mode only. HTTPS will not be available.
2025-05-03T21:22:53: Running in HTTP mode only. HTTPS will not be available.
2025-05-03T21:22:53: Running in HTTP mode only. HTTPS will not be available.
2025-05-03T21:22:53: Running in HTTP mode only. HTTPS will not be available.
2025-05-03T21:22:54: Running in HTTP mode only. HTTPS will not be available.
2025-05-03T21:22:54: Running in HTTP mode only. HTTPS will not be available.
2025-05-03T21:22:54: Running in HTTP mode only. HTTPS will not be available.
2025-05-03T21:22:54: Running in HTTP mode only. HTTPS will not be available.
2025-05-03T21:22:55: Running in HTTP mode only. HTTPS will not be available.
2025-05-03T21:22:55: Running in HTTP mode only. HTTPS will not be available.
2025-05-03T21:22:55: Running in HTTP mode only. HTTPS will not be available.
2025-05-03T21:22:55: Running in HTTP mode only. HTTPS will not be available.
2025-05-03T21:22:56: Running in HTTP mode only. HTTPS will not be available.
2025-05-03T21:22:56: Running in HTTP mode only. HTTPS will not be available.
2025-05-03T21:22:56: Running in HTTP mode only. HTTPS will not be available.
2025-05-03T21:22:56: Running in HTTP mode only. HTTPS will not be available.
2025-05-03T21:22:57: Running in HTTP mode only. HTTPS will not be available.
2025-05-03T21:22:57: Running in HTTP mode only. HTTPS will not be available.
2025-05-03T21:22:57: Running in HTTP mode only. HTTPS will not be available.
2025-05-03T21:22:57: Running in HTTP mode only. HTTPS will not be available.
2025-05-03T21:22:57: Running in HTTP mode only. HTTPS will not be available.
2025-05-03T21:22:58: Running in HTTP mode only. HTTPS will not be available.
2025-05-03T21:22:58: Running in HTTP mode only. HTTPS will not be available.
2025-05-03T21:22:58: Running in HTTP mode only. HTTPS will not be available.
2025-05-03T21:22:58: Running in HTTP mode only. HTTPS will not be available.
2025-05-03T21:22:59: Running in HTTP mode only. HTTPS will not be available.
2025-05-03T21:22:59: Running in HTTP mode only. HTTPS will not be available.
2025-05-03T21:22:59: Running in HTTP mode only. HTTPS will not be available.
2025-05-03T21:22:59: Running in HTTP mode only. HTTPS will not be available.
2025-05-03T21:23:00: Running in HTTP mode only. HTTPS will not be available.
2025-05-03T21:23:00: Running in HTTP mode only. HTTPS will not be available.
2025-05-03T21:23:00: Running in HTTP mode only. HTTPS will not be available.
2025-05-03T21:23:00: Running in HTTP mode only. HTTPS will not be available.
2025-05-03T21:23:01: Running in HTTP mode only. HTTPS will not be available.
2025-05-03T21:23:01: Running in HTTP mode only. HTTPS will not be available.
2025-05-03T21:23:01: Running in HTTP mode only. HTTPS will not be available.
2025-05-03T21:23:01: Running in HTTP mode only. HTTPS will not be available.
2025-05-03T21:23:02: Running in HTTP mode only. HTTPS will not be available.
2025-05-03T21:23:02: Running in HTTP mode only. HTTPS will not be available.
2025-05-03T21:23:02: Running in HTTP mode only. HTTPS will not be available.
2025-05-03T21:23:02: Running in HTTP mode only. HTTPS will not be available.
2025-05-03T21:23:03: Running in HTTP mode only. HTTPS will not be available.
2025-05-03T21:23:03: Running in HTTP mode only. HTTPS will not be available.
2025-05-03T21:23:03: Running in HTTP mode only. HTTPS will not be available.
2025-05-03T21:23:03: Running in HTTP mode only. HTTPS will not be available.
2025-05-03T21:23:04: Running in HTTP mode only. HTTPS will not be available.
2025-05-03T21:23:04: Running in HTTP mode only. HTTPS will not be available.
2025-05-03T21:23:04: Running in HTTP mode only. HTTPS will not be available.
2025-05-03T21:23:04: Running in HTTP mode only. HTTPS will not be available.
2025-05-03T21:23:05: Running in HTTP mode only. HTTPS will not be available.
2025-05-03T21:23:05: Running in HTTP mode only. HTTPS will not be available.
2025-05-03T21:23:05: Running in HTTP mode only. HTTPS will not be available.
2025-05-03T21:23:06: Running in HTTP mode only. HTTPS will not be available.
2025-05-03T21:23:06: Running in HTTP mode only. HTTPS will not be available.
2025-05-03T21:23:06: Running in HTTP mode only. HTTPS will not be available.
2025-05-03T21:23:06: Running in HTTP mode only. HTTPS will not be available.
2025-05-03T21:23:06: Running in HTTP mode only. HTTPS will not be available.
2025-05-03T21:23:07: Running in HTTP mode only. HTTPS will not be available.
2025-05-03T21:23:07: Running in HTTP mode only. HTTPS will not be available.
2025-05-03T21:23:07: Running in HTTP mode only. HTTPS will not be available.
2025-05-03T21:23:07: Running in HTTP mode only. HTTPS will not be available.
2025-05-03T21:23:08: Running in HTTP mode only. HTTPS will not be available.
2025-05-03T21:23:08: Running in HTTP mode only. HTTPS will not be available.
2025-05-03T21:23:08: Running in HTTP mode only. HTTPS will not be available.
2025-05-03T21:23:08: Running in HTTP mode only. HTTPS will not be available.
2025-05-03T21:23:09: Running in HTTP mode only. HTTPS will not be available.
2025-05-03T21:23:09: Running in HTTP mode only. HTTPS will not be available.
2025-05-03T21:23:09: Running in HTTP mode only. HTTPS will not be available.
2025-05-03T21:23:09: Running in HTTP mode only. HTTPS will not be available.
2025-05-03T21:23:09: Running in HTTP mode only. HTTPS will not be available.
2025-05-03T21:23:10: Running in HTTP mode only. HTTPS will not be available.
2025-05-03T21:23:10: Running in HTTP mode only. HTTPS will not be available.
2025-05-03T21:23:10: Running in HTTP mode only. HTTPS will not be available.
2025-05-03T21:23:10: Running in HTTP mode only. HTTPS will not be available.
2025-05-03T21:23:11: Running in HTTP mode only. HTTPS will not be available.
2025-05-03T21:23:11: Running in HTTP mode only. HTTPS will not be available.
2025-05-03T21:23:11: Running in HTTP mode only. HTTPS will not be available.
2025-05-03T21:23:11: Running in HTTP mode only. HTTPS will not be available.
2025-05-03T21:23:12: Running in HTTP mode only. HTTPS will not be available.
2025-05-03T21:23:12: Running in HTTP mode only. HTTPS will not be available.
2025-05-03T21:23:12: Running in HTTP mode only. HTTPS will not be available.
2025-05-03T21:23:12: Running in HTTP mode only. HTTPS will not be available.
2025-05-03T21:23:13: Running in HTTP mode only. HTTPS will not be available.
2025-05-03T21:23:13: Running in HTTP mode only. HTTPS will not be available.
2025-05-03T21:23:13: Running in HTTP mode only. HTTPS will not be available.
2025-05-03T21:23:13: Running in HTTP mode only. HTTPS will not be available.
2025-05-03T21:23:13: Running in HTTP mode only. HTTPS will not be available.
2025-05-03T21:23:14: Running in HTTP mode only. HTTPS will not be available.
2025-05-03T21:23:14: Running in HTTP mode only. HTTPS will not be available.
2025-05-03T21:23:14: Running in HTTP mode only. HTTPS will not be available.
2025-05-03T21:23:14: Running in HTTP mode only. HTTPS will not be available.
2025-05-03T21:23:15: Running in HTTP mode only. HTTPS will not be available.
2025-05-03T21:23:15: Running in HTTP mode only. HTTPS will not be available.
2025-05-03T21:23:15: Running in HTTP mode only. HTTPS will not be available.
2025-05-03T21:23:15: Running in HTTP mode only. HTTPS will not be available.
2025-05-03T21:23:16: Running in HTTP mode only. HTTPS will not be available.
2025-05-03T21:23:16: Running in HTTP mode only. HTTPS will not be available.
2025-05-03T21:23:16: Running in HTTP mode only. HTTPS will not be available.
2025-05-03T21:23:16: Running in HTTP mode only. HTTPS will not be available.
2025-05-03T21:23:17: Running in HTTP mode only. HTTPS will not be available.
2025-05-03T21:23:17: Running in HTTP mode only. HTTPS will not be available.
2025-05-03T21:23:17: Running in HTTP mode only. HTTPS will not be available.
2025-05-03T21:23:17: Running in HTTP mode only. HTTPS will not be available.
2025-05-03T21:23:17: Running in HTTP mode only. HTTPS will not be available.
2025-05-03T21:23:18: Running in HTTP mode only. HTTPS will not be available.
2025-05-03T21:23:18: Running in HTTP mode only. HTTPS will not be available.
2025-05-03T21:23:18: Running in HTTP mode only. HTTPS will not be available.
2025-05-03T21:23:19: Running in HTTP mode only. HTTPS will not be available.
2025-05-03T21:23:19: Running in HTTP mode only. HTTPS will not be available.
2025-05-03T21:23:19: Running in HTTP mode only. HTTPS will not be available.
2025-05-03T21:23:19: Running in HTTP mode only. HTTPS will not be available.
2025-05-03T21:23:20: Running in HTTP mode only. HTTPS will not be available.
2025-05-03T21:23:20: Running in HTTP mode only. HTTPS will not be available.
2025-05-03T21:23:20: Running in HTTP mode only. HTTPS will not be available.
2025-05-03T21:23:20: Running in HTTP mode only. HTTPS will not be available.
2025-05-03T21:23:20: Running in HTTP mode only. HTTPS will not be available.
2025-05-03T21:23:21: Running in HTTP mode only. HTTPS will not be available.
2025-05-03T21:23:21: Running in HTTP mode only. HTTPS will not be available.
2025-05-03T21:23:21: Running in HTTP mode only. HTTPS will not be available.
2025-05-03T21:23:21: Running in HTTP mode only. HTTPS will not be available.
2025-05-03T21:23:22: Running in HTTP mode only. HTTPS will not be available.
2025-05-03T21:23:22: Running in HTTP mode only. HTTPS will not be available.
2025-05-03T21:23:22: Running in HTTP mode only. HTTPS will not be available.
2025-05-03T21:23:22: Running in HTTP mode only. HTTPS will not be available.
2025-05-03T21:23:22: Running in HTTP mode only. HTTPS will not be available.
2025-05-03T21:23:23: Running in HTTP mode only. HTTPS will not be available.
2025-05-03T21:23:23: Running in HTTP mode only. HTTPS will not be available.
2025-05-03T21:23:23: Running in HTTP mode only. HTTPS will not be available.
2025-05-03T21:23:23: Running in HTTP mode only. HTTPS will not be available.
2025-05-03T21:23:24: Running in HTTP mode only. HTTPS will not be available.
2025-05-03T21:23:24: Running in HTTP mode only. HTTPS will not be available.
2025-05-03T21:23:24: Running in HTTP mode only. HTTPS will not be available.
2025-05-03T21:23:24: Running in HTTP mode only. HTTPS will not be available.
2025-05-03T21:23:25: Running in HTTP mode only. HTTPS will not be available.
2025-05-03T21:23:25: Running in HTTP mode only. HTTPS will not be available.
2025-05-03T21:23:25: Running in HTTP mode only. HTTPS will not be available.
2025-05-03T21:23:25: Running in HTTP mode only. HTTPS will not be available.
2025-05-03T21:23:25: Running in HTTP mode only. HTTPS will not be available.
2025-05-03T21:23:26: Running in HTTP mode only. HTTPS will not be available.
2025-05-03T21:23:26: Running in HTTP mode only. HTTPS will not be available.
2025-05-03T21:23:26: Running in HTTP mode only. HTTPS will not be available.
2025-05-03T21:23:27: Running in HTTP mode only. HTTPS will not be available.
2025-05-03T21:23:27: Running in HTTP mode only. HTTPS will not be available.
2025-05-03T21:23:27: Running in HTTP mode only. HTTPS will not be available.
2025-05-03T21:23:27: Running in HTTP mode only. HTTPS will not be available.
2025-05-03T21:23:28: Running in HTTP mode only. HTTPS will not be available.
2025-05-03T21:23:28: Running in HTTP mode only. HTTPS will not be available.
2025-05-03T21:23:28: Running in HTTP mode only. HTTPS will not be available.
2025-05-03T21:23:28: Running in HTTP mode only. HTTPS will not be available.
2025-05-03T21:23:28: Running in HTTP mode only. HTTPS will not be available.
2025-05-03T21:23:29: Running in HTTP mode only. HTTPS will not be available.
2025-05-03T21:23:29: Running in HTTP mode only. HTTPS will not be available.
2025-05-03T21:23:29: Running in HTTP mode only. HTTPS will not be available.
2025-05-03T21:23:29: Running in HTTP mode only. HTTPS will not be available.
2025-05-03T21:23:30: Running in HTTP mode only. HTTPS will not be available.
2025-05-03T21:23:30: Running in HTTP mode only. HTTPS will not be available.
2025-05-03T21:23:30: Running in HTTP mode only. HTTPS will not be available.
2025-05-03T21:23:30: Running in HTTP mode only. HTTPS will not be available.
2025-05-03T21:23:30: Running in HTTP mode only. HTTPS will not be available.
2025-05-03T21:23:31: Running in HTTP mode only. HTTPS will not be available.
2025-05-03T21:23:31: Running in HTTP mode only. HTTPS will not be available.
2025-05-03T21:23:31: Running in HTTP mode only. HTTPS will not be available.
2025-05-03T21:23:31: Running in HTTP mode only. HTTPS will not be available.
2025-05-03T21:23:32: Running in HTTP mode only. HTTPS will not be available.
2025-05-03T21:23:32: Running in HTTP mode only. HTTPS will not be available.
2025-05-03T21:23:32: Running in HTTP mode only. HTTPS will not be available.
2025-05-03T21:23:32: Running in HTTP mode only. HTTPS will not be available.
2025-05-03T21:23:33: Running in HTTP mode only. HTTPS will not be available.
2025-05-03T21:23:33: Running in HTTP mode only. HTTPS will not be available.
2025-05-03T21:23:33: Running in HTTP mode only. HTTPS will not be available.
2025-05-03T21:23:33: Running in HTTP mode only. HTTPS will not be available.
2025-05-03T21:23:34: Running in HTTP mode only. HTTPS will not be available.
2025-05-03T21:23:34: Running in HTTP mode only. HTTPS will not be available.
2025-05-03T21:23:34: Running in HTTP mode only. HTTPS will not be available.
2025-05-03T21:23:34: Running in HTTP mode only. HTTPS will not be available.
2025-05-03T21:23:34: Running in HTTP mode only. HTTPS will not be available.
2025-05-03T21:23:35: Running in HTTP mode only. HTTPS will not be available.
2025-05-03T21:23:35: Running in HTTP mode only. HTTPS will not be available.
2025-05-03T21:23:35: Running in HTTP mode only. HTTPS will not be available.
2025-05-03T21:23:35: Running in HTTP mode only. HTTPS will not be available.
2025-05-03T21:23:36: Running in HTTP mode only. HTTPS will not be available.
2025-05-03T21:23:36: Running in HTTP mode only. HTTPS will not be available.
2025-05-03T21:23:36: Running in HTTP mode only. HTTPS will not be available.
2025-05-03T21:23:36: Running in HTTP mode only. HTTPS will not be available.
2025-05-03T21:23:37: Running in HTTP mode only. HTTPS will not be available.
2025-05-03T21:23:37: Running in HTTP mode only. HTTPS will not be available.
2025-05-03T21:23:37: Running in HTTP mode only. HTTPS will not be available.
2025-05-03T21:23:37: Running in HTTP mode only. HTTPS will not be available.
2025-05-03T21:23:38: Running in HTTP mode only. HTTPS will not be available.
2025-05-03T21:23:38: Running in HTTP mode only. HTTPS will not be available.
2025-05-03T21:23:38: Running in HTTP mode only. HTTPS will not be available.
2025-05-03T21:23:38: Running in HTTP mode only. HTTPS will not be available.
2025-05-03T21:23:39: Running in HTTP mode only. HTTPS will not be available.
2025-05-03T21:23:39: Running in HTTP mode only. HTTPS will not be available.
2025-05-03T21:23:39: Running in HTTP mode only. HTTPS will not be available.
2025-05-03T21:23:39: Running in HTTP mode only. HTTPS will not be available.
2025-05-03T21:23:39: Running in HTTP mode only. HTTPS will not be available.
2025-05-03T21:23:40: Running in HTTP mode only. HTTPS will not be available.
2025-05-03T21:23:40: Running in HTTP mode only. HTTPS will not be available.
2025-05-03T21:23:40: Running in HTTP mode only. HTTPS will not be available.
2025-05-03T21:23:40: Running in HTTP mode only. HTTPS will not be available.
2025-05-03T21:23:41: Running in HTTP mode only. HTTPS will not be available.
2025-05-03T21:23:41: Running in HTTP mode only. HTTPS will not be available.
2025-05-03T21:23:41: Running in HTTP mode only. HTTPS will not be available.
2025-05-03T21:23:41: Running in HTTP mode only. HTTPS will not be available.
2025-05-03T21:23:42: Running in HTTP mode only. HTTPS will not be available.
2025-05-03T21:23:42: Running in HTTP mode only. HTTPS will not be available.
2025-05-03T21:23:42: Running in HTTP mode only. HTTPS will not be available.
2025-05-03T21:23:42: Running in HTTP mode only. HTTPS will not be available.
2025-05-03T21:23:43: Running in HTTP mode only. HTTPS will not be available.
2025-05-03T21:23:43: Running in HTTP mode only. HTTPS will not be available.
2025-05-03T21:23:43: Running in HTTP mode only. HTTPS will not be available.
2025-05-03T21:23:43: Running in HTTP mode only. HTTPS will not be available.
2025-05-03T21:23:44: Running in HTTP mode only. HTTPS will not be available.
2025-05-03T21:23:44: Running in HTTP mode only. HTTPS will not be available.
2025-05-03T21:23:44: Running in HTTP mode only. HTTPS will not be available.
2025-05-03T21:23:44: Running in HTTP mode only. HTTPS will not be available.
2025-05-03T21:23:45: Running in HTTP mode only. HTTPS will not be available.
2025-05-03T21:23:45: Running in HTTP mode only. HTTPS will not be available.
2025-05-03T21:23:45: Running in HTTP mode only. HTTPS will not be available.
2025-05-03T21:23:45: Running in HTTP mode only. HTTPS will not be available.
2025-05-03T21:23:45: Running in HTTP mode only. HTTPS will not be available.
2025-05-03T21:23:46: Running in HTTP mode only. HTTPS will not be available.
2025-05-03T21:23:46: Running in HTTP mode only. HTTPS will not be available.
2025-05-03T21:23:46: Running in HTTP mode only. HTTPS will not be available.
2025-05-03T21:23:46: Running in HTTP mode only. HTTPS will not be available.
2025-05-03T21:23:47: Running in HTTP mode only. HTTPS will not be available.
2025-05-03T21:23:47: Running in HTTP mode only. HTTPS will not be available.
2025-05-03T21:23:47: Running in HTTP mode only. HTTPS will not be available.
2025-05-03T21:23:47: Running in HTTP mode only. HTTPS will not be available.
2025-05-03T21:23:48: Running in HTTP mode only. HTTPS will not be available.
2025-05-03T21:23:48: Running in HTTP mode only. HTTPS will not be available.
2025-05-03T21:23:48: Running in HTTP mode only. HTTPS will not be available.
2025-05-03T21:23:48: Running in HTTP mode only. HTTPS will not be available.
2025-05-03T21:23:49: Running in HTTP mode only. HTTPS will not be available.
2025-05-03T21:23:49: Running in HTTP mode only. HTTPS will not be available.
2025-05-03T21:23:49: Running in HTTP mode only. HTTPS will not be available.
2025-05-03T21:23:49: Running in HTTP mode only. HTTPS will not be available.
2025-05-03T21:23:50: Running in HTTP mode only. HTTPS will not be available.
2025-05-03T21:23:50: Running in HTTP mode only. HTTPS will not be available.
2025-05-03T21:23:50: Running in HTTP mode only. HTTPS will not be available.
2025-05-03T21:23:50: Running in HTTP mode only. HTTPS will not be available.
2025-05-03T21:23:51: Running in HTTP mode only. HTTPS will not be available.
2025-05-03T21:23:51: Running in HTTP mode only. HTTPS will not be available.
2025-05-03T21:23:51: Running in HTTP mode only. HTTPS will not be available.
2025-05-03T21:23:51: Running in HTTP mode only. HTTPS will not be available.
2025-05-03T21:23:52: Running in HTTP mode only. HTTPS will not be available.
2025-05-03T21:23:52: Running in HTTP mode only. HTTPS will not be available.
2025-05-03T21:23:52: Running in HTTP mode only. HTTPS will not be available.
2025-05-03T21:23:52: Running in HTTP mode only. HTTPS will not be available.
2025-05-03T21:23:53: Running in HTTP mode only. HTTPS will not be available.
2025-05-03T21:23:53: Running in HTTP mode only. HTTPS will not be available.
2025-05-03T21:23:53: Running in HTTP mode only. HTTPS will not be available.
2025-05-03T21:23:54: Running in HTTP mode only. HTTPS will not be available.
2025-05-03T21:23:54: Running in HTTP mode only. HTTPS will not be available.
2025-05-03T21:23:54: Running in HTTP mode only. HTTPS will not be available.
2025-05-03T21:23:54: Running in HTTP mode only. HTTPS will not be available.
2025-05-03T21:23:55: Running in HTTP mode only. HTTPS will not be available.
2025-05-03T21:23:55: Running in HTTP mode only. HTTPS will not be available.
2025-05-03T21:23:55: Running in HTTP mode only. HTTPS will not be available.
2025-05-03T21:23:55: Running in HTTP mode only. HTTPS will not be available.
2025-05-03T21:23:56: Running in HTTP mode only. HTTPS will not be available.
2025-05-03T21:23:56: Running in HTTP mode only. HTTPS will not be available.
2025-05-03T21:23:56: Running in HTTP mode only. HTTPS will not be available.
2025-05-03T21:23:56: Running in HTTP mode only. HTTPS will not be available.
2025-05-03T21:23:57: Running in HTTP mode only. HTTPS will not be available.
2025-05-03T21:23:57: Running in HTTP mode only. HTTPS will not be available.
2025-05-03T21:23:57: Running in HTTP mode only. HTTPS will not be available.
2025-05-03T21:23:57: Running in HTTP mode only. HTTPS will not be available.
2025-05-03T21:23:57: Running in HTTP mode only. HTTPS will not be available.
2025-05-03T21:23:58: Running in HTTP mode only. HTTPS will not be available.
2025-05-03T21:23:58: Running in HTTP mode only. HTTPS will not be available.
2025-05-03T21:23:58: Running in HTTP mode only. HTTPS will not be available.
2025-05-03T21:23:58: Running in HTTP mode only. HTTPS will not be available.
2025-05-03T21:23:59: Running in HTTP mode only. HTTPS will not be available.
2025-05-03T21:23:59: Running in HTTP mode only. HTTPS will not be available.
2025-05-03T21:23:59: Running in HTTP mode only. HTTPS will not be available.
2025-05-03T21:23:59: Running in HTTP mode only. HTTPS will not be available.
2025-05-03T21:24:00: Running in HTTP mode only. HTTPS will not be available.
2025-05-03T21:24:00: Running in HTTP mode only. HTTPS will not be available.
2025-05-03T21:24:00: Running in HTTP mode only. HTTPS will not be available.
2025-05-03T21:24:00: Running in HTTP mode only. HTTPS will not be available.
2025-05-03T21:24:01: Running in HTTP mode only. HTTPS will not be available.
2025-05-03T21:24:01: Running in HTTP mode only. HTTPS will not be available.
2025-05-03T21:24:01: Running in HTTP mode only. HTTPS will not be available.
2025-05-03T21:24:01: Running in HTTP mode only. HTTPS will not be available.
2025-05-03T21:24:02: Running in HTTP mode only. HTTPS will not be available.
2025-05-03T21:24:02: Running in HTTP mode only. HTTPS will not be available.
2025-05-03T21:24:02: Running in HTTP mode only. HTTPS will not be available.
2025-05-03T21:24:02: Running in HTTP mode only. HTTPS will not be available.
2025-05-03T21:24:03: Running in HTTP mode only. HTTPS will not be available.
2025-05-03T21:24:03: Running in HTTP mode only. HTTPS will not be available.
2025-05-03T21:24:03: Running in HTTP mode only. HTTPS will not be available.
2025-05-03T21:24:03: Running in HTTP mode only. HTTPS will not be available.
2025-05-03T21:24:03: Running in HTTP mode only. HTTPS will not be available.
2025-05-03T21:24:04: Running in HTTP mode only. HTTPS will not be available.
2025-05-03T21:24:04: Running in HTTP mode only. HTTPS will not be available.
2025-05-03T21:24:04: Running in HTTP mode only. HTTPS will not be available.
2025-05-03T21:24:04: Running in HTTP mode only. HTTPS will not be available.
2025-05-03T21:24:05: Running in HTTP mode only. HTTPS will not be available.
2025-05-03T21:24:05: Running in HTTP mode only. HTTPS will not be available.
2025-05-03T21:24:05: Running in HTTP mode only. HTTPS will not be available.
2025-05-03T21:24:05: Running in HTTP mode only. HTTPS will not be available.
2025-05-03T21:24:06: Running in HTTP mode only. HTTPS will not be available.
2025-05-03T21:24:06: Running in HTTP mode only. HTTPS will not be available.
2025-05-03T21:24:06: Running in HTTP mode only. HTTPS will not be available.
2025-05-03T21:24:06: Running in HTTP mode only. HTTPS will not be available.
2025-05-03T21:24:07: Running in HTTP mode only. HTTPS will not be available.
2025-05-03T21:24:07: Running in HTTP mode only. HTTPS will not be available.
2025-05-03T21:24:07: Running in HTTP mode only. HTTPS will not be available.
2025-05-03T21:24:07: Running in HTTP mode only. HTTPS will not be available.
2025-05-03T21:24:08: Running in HTTP mode only. HTTPS will not be available.
2025-05-03T21:24:08: Running in HTTP mode only. HTTPS will not be available.
2025-05-03T21:24:08: Running in HTTP mode only. HTTPS will not be available.
2025-05-03T21:24:08: Running in HTTP mode only. HTTPS will not be available.
2025-05-03T21:24:09: Running in HTTP mode only. HTTPS will not be available.
2025-05-03T21:24:09: Running in HTTP mode only. HTTPS will not be available.
2025-05-03T21:24:09: Running in HTTP mode only. HTTPS will not be available.
2025-05-03T21:24:09: Running in HTTP mode only. HTTPS will not be available.
2025-05-03T21:24:10: Running in HTTP mode only. HTTPS will not be available.
2025-05-03T21:24:10: Running in HTTP mode only. HTTPS will not be available.
2025-05-03T21:24:10: Running in HTTP mode only. HTTPS will not be available.
2025-05-03T21:24:10: Running in HTTP mode only. HTTPS will not be available.
2025-05-03T21:24:11: Running in HTTP mode only. HTTPS will not be available.
2025-05-03T21:24:11: Running in HTTP mode only. HTTPS will not be available.
2025-05-03T21:24:11: Running in HTTP mode only. HTTPS will not be available.
2025-05-03T21:24:11: Running in HTTP mode only. HTTPS will not be available.
2025-05-03T21:24:12: Running in HTTP mode only. HTTPS will not be available.
2025-05-03T21:24:12: Running in HTTP mode only. HTTPS will not be available.
2025-05-03T21:24:12: Running in HTTP mode only. HTTPS will not be available.
2025-05-03T21:24:12: Running in HTTP mode only. HTTPS will not be available.
2025-05-03T21:24:13: Running in HTTP mode only. HTTPS will not be available.
2025-05-03T21:24:13: Running in HTTP mode only. HTTPS will not be available.
2025-05-03T21:24:13: Running in HTTP mode only. HTTPS will not be available.
2025-05-03T21:24:13: Running in HTTP mode only. HTTPS will not be available.
2025-05-03T21:24:13: Running in HTTP mode only. HTTPS will not be available.
2025-05-03T21:24:14: Running in HTTP mode only. HTTPS will not be available.
2025-05-03T21:24:14: Running in HTTP mode only. HTTPS will not be available.
2025-05-03T21:24:14: Running in HTTP mode only. HTTPS will not be available.
2025-05-03T21:24:14: Running in HTTP mode only. HTTPS will not be available.
2025-05-03T21:24:15: Running in HTTP mode only. HTTPS will not be available.
2025-05-03T21:24:15: Running in HTTP mode only. HTTPS will not be available.
2025-05-03T21:24:15: Running in HTTP mode only. HTTPS will not be available.
2025-05-03T21:24:15: Running in HTTP mode only. HTTPS will not be available.
2025-05-03T21:24:16: Running in HTTP mode only. HTTPS will not be available.
2025-05-03T21:24:16: Running in HTTP mode only. HTTPS will not be available.
2025-05-03T21:24:16: Running in HTTP mode only. HTTPS will not be available.
2025-05-03T21:24:16: Running in HTTP mode only. HTTPS will not be available.
2025-05-03T21:24:17: Running in HTTP mode only. HTTPS will not be available.
2025-05-03T21:24:17: Running in HTTP mode only. HTTPS will not be available.
2025-05-03T21:24:17: Running in HTTP mode only. HTTPS will not be available.
2025-05-03T21:24:17: Running in HTTP mode only. HTTPS will not be available.
2025-05-03T21:24:17: Running in HTTP mode only. HTTPS will not be available.
2025-05-03T21:24:18: Running in HTTP mode only. HTTPS will not be available.
2025-05-03T21:24:18: Running in HTTP mode only. HTTPS will not be available.
2025-05-03T21:24:18: Running in HTTP mode only. HTTPS will not be available.
2025-05-03T21:24:19: Running in HTTP mode only. HTTPS will not be available.
2025-05-03T21:24:19: Running in HTTP mode only. HTTPS will not be available.
2025-05-03T21:24:19: Running in HTTP mode only. HTTPS will not be available.
2025-05-03T21:24:20: Running in HTTP mode only. HTTPS will not be available.
2025-05-03T21:24:20: Running in HTTP mode only. HTTPS will not be available.
2025-05-03T21:24:20: Running in HTTP mode only. HTTPS will not be available.
2025-05-03T21:24:20: Running in HTTP mode only. HTTPS will not be available.
2025-05-03T21:24:20: Running in HTTP mode only. HTTPS will not be available.
2025-05-03T21:24:21: Running in HTTP mode only. HTTPS will not be available.
2025-05-03T21:24:21: Running in HTTP mode only. HTTPS will not be available.
2025-05-03T21:24:21: Running in HTTP mode only. HTTPS will not be available.
2025-05-03T21:24:21: Running in HTTP mode only. HTTPS will not be available.
2025-05-03T21:24:22: Running in HTTP mode only. HTTPS will not be available.
2025-05-03T21:24:22: Running in HTTP mode only. HTTPS will not be available.
2025-05-03T21:24:22: Running in HTTP mode only. HTTPS will not be available.
2025-05-03T21:24:22: Running in HTTP mode only. HTTPS will not be available.
2025-05-03T21:24:22: Running in HTTP mode only. HTTPS will not be available.
2025-05-03T21:24:23: Running in HTTP mode only. HTTPS will not be available.
2025-05-03T21:24:23: Running in HTTP mode only. HTTPS will not be available.
2025-05-03T21:24:23: Running in HTTP mode only. HTTPS will not be available.
2025-05-03T21:24:23: Running in HTTP mode only. HTTPS will not be available.
2025-05-03T21:24:24: Running in HTTP mode only. HTTPS will not be available.
2025-05-03T21:24:24: Running in HTTP mode only. HTTPS will not be available.
2025-05-03T21:24:24: Running in HTTP mode only. HTTPS will not be available.
2025-05-03T21:24:24: Running in HTTP mode only. HTTPS will not be available.
2025-05-03T21:24:25: Running in HTTP mode only. HTTPS will not be available.
2025-05-03T21:24:25: Running in HTTP mode only. HTTPS will not be available.
2025-05-03T21:24:25: Running in HTTP mode only. HTTPS will not be available.
2025-05-03T21:24:25: Running in HTTP mode only. HTTPS will not be available.
2025-05-03T21:24:25: Running in HTTP mode only. HTTPS will not be available.
2025-05-03T21:24:26: Running in HTTP mode only. HTTPS will not be available.
2025-05-03T21:24:26: Running in HTTP mode only. HTTPS will not be available.
2025-05-03T21:24:26: Running in HTTP mode only. HTTPS will not be available.
2025-05-03T21:24:27: Running in HTTP mode only. HTTPS will not be available.
2025-05-03T21:24:27: Running in HTTP mode only. HTTPS will not be available.
2025-05-03T21:24:27: Running in HTTP mode only. HTTPS will not be available.
2025-05-03T21:24:27: Running in HTTP mode only. HTTPS will not be available.
2025-05-03T21:24:28: Running in HTTP mode only. HTTPS will not be available.
2025-05-03T21:24:28: Running in HTTP mode only. HTTPS will not be available.
2025-05-03T21:24:28: Running in HTTP mode only. HTTPS will not be available.
2025-05-03T21:24:28: Running in HTTP mode only. HTTPS will not be available.
2025-05-03T21:24:28: Running in HTTP mode only. HTTPS will not be available.
2025-05-03T21:24:29: Running in HTTP mode only. HTTPS will not be available.
2025-05-03T21:24:29: Running in HTTP mode only. HTTPS will not be available.
2025-05-03T21:24:29: Running in HTTP mode only. HTTPS will not be available.
2025-05-03T21:24:29: Running in HTTP mode only. HTTPS will not be available.
2025-05-03T21:24:30: Running in HTTP mode only. HTTPS will not be available.
2025-05-03T21:24:30: Running in HTTP mode only. HTTPS will not be available.
2025-05-03T21:24:30: Running in HTTP mode only. HTTPS will not be available.
2025-05-03T21:24:30: Running in HTTP mode only. HTTPS will not be available.
2025-05-03T21:24:30: Running in HTTP mode only. HTTPS will not be available.
2025-05-03T21:24:31: Running in HTTP mode only. HTTPS will not be available.
2025-05-03T21:24:31: Running in HTTP mode only. HTTPS will not be available.
2025-05-03T21:24:31: Running in HTTP mode only. HTTPS will not be available.
2025-05-03T21:24:31: Running in HTTP mode only. HTTPS will not be available.
2025-05-03T21:24:32: Running in HTTP mode only. HTTPS will not be available.
2025-05-03T21:24:32: Running in HTTP mode only. HTTPS will not be available.
2025-05-03T21:24:32: Running in HTTP mode only. HTTPS will not be available.
2025-05-03T21:24:32: Running in HTTP mode only. HTTPS will not be available.
2025-05-03T21:24:33: Running in HTTP mode only. HTTPS will not be available.
2025-05-03T21:24:33: Running in HTTP mode only. HTTPS will not be available.
2025-05-03T21:24:33: Running in HTTP mode only. HTTPS will not be available.
2025-05-03T21:24:33: Running in HTTP mode only. HTTPS will not be available.
2025-05-03T21:24:34: Running in HTTP mode only. HTTPS will not be available.
2025-05-03T21:24:34: Running in HTTP mode only. HTTPS will not be available.
2025-05-03T21:24:34: Running in HTTP mode only. HTTPS will not be available.
2025-05-03T21:24:34: Running in HTTP mode only. HTTPS will not be available.
2025-05-03T21:24:34: Running in HTTP mode only. HTTPS will not be available.
2025-05-03T21:24:35: Running in HTTP mode only. HTTPS will not be available.
2025-05-03T21:24:35: Running in HTTP mode only. HTTPS will not be available.
2025-05-03T21:24:35: Running in HTTP mode only. HTTPS will not be available.
2025-05-03T21:24:35: Running in HTTP mode only. HTTPS will not be available.
2025-05-03T21:24:36: Running in HTTP mode only. HTTPS will not be available.
2025-05-03T21:24:36: Running in HTTP mode only. HTTPS will not be available.
2025-05-03T21:24:36: Running in HTTP mode only. HTTPS will not be available.
2025-05-03T21:24:36: Running in HTTP mode only. HTTPS will not be available.
2025-05-03T21:24:37: Running in HTTP mode only. HTTPS will not be available.
2025-05-03T21:24:37: Running in HTTP mode only. HTTPS will not be available.
2025-05-03T21:24:37: Running in HTTP mode only. HTTPS will not be available.
2025-05-03T21:24:37: Running in HTTP mode only. HTTPS will not be available.
2025-05-03T21:24:38: Running in HTTP mode only. HTTPS will not be available.
2025-05-03T21:24:38: Running in HTTP mode only. HTTPS will not be available.
2025-05-03T21:24:38: Running in HTTP mode only. HTTPS will not be available.
2025-05-03T21:24:38: Running in HTTP mode only. HTTPS will not be available.
2025-05-03T21:24:39: Running in HTTP mode only. HTTPS will not be available.
2025-05-03T21:24:39: Running in HTTP mode only. HTTPS will not be available.
2025-05-03T21:24:39: Running in HTTP mode only. HTTPS will not be available.
2025-05-03T21:24:39: Running in HTTP mode only. HTTPS will not be available.
2025-05-03T21:24:39: Running in HTTP mode only. HTTPS will not be available.
2025-05-03T21:24:40: Running in HTTP mode only. HTTPS will not be available.
2025-05-03T21:24:40: Running in HTTP mode only. HTTPS will not be available.
2025-05-03T21:24:40: Running in HTTP mode only. HTTPS will not be available.
2025-05-03T21:24:40: Running in HTTP mode only. HTTPS will not be available.
2025-05-03T21:24:41: Running in HTTP mode only. HTTPS will not be available.
2025-05-03T21:24:41: Running in HTTP mode only. HTTPS will not be available.
2025-05-03T21:24:41: Running in HTTP mode only. HTTPS will not be available.
2025-05-03T21:24:41: Running in HTTP mode only. HTTPS will not be available.
2025-05-03T21:24:42: Running in HTTP mode only. HTTPS will not be available.
2025-05-03T21:24:42: Running in HTTP mode only. HTTPS will not be available.
2025-05-03T21:24:42: Running in HTTP mode only. HTTPS will not be available.
2025-05-03T21:24:42: Running in HTTP mode only. HTTPS will not be available.
2025-05-03T21:24:43: Running in HTTP mode only. HTTPS will not be available.
2025-05-03T21:24:43: Running in HTTP mode only. HTTPS will not be available.
2025-05-03T21:24:43: Running in HTTP mode only. HTTPS will not be available.
2025-05-03T21:24:43: Running in HTTP mode only. HTTPS will not be available.
2025-05-03T21:24:44: Running in HTTP mode only. HTTPS will not be available.
2025-05-03T21:24:44: Running in HTTP mode only. HTTPS will not be available.
2025-05-03T21:24:44: Running in HTTP mode only. HTTPS will not be available.
2025-05-03T21:24:44: Running in HTTP mode only. HTTPS will not be available.
2025-05-03T21:24:45: Running in HTTP mode only. HTTPS will not be available.
2025-05-03T21:24:45: Running in HTTP mode only. HTTPS will not be available.
2025-05-03T21:24:45: Running in HTTP mode only. HTTPS will not be available.
2025-05-03T21:24:45: Running in HTTP mode only. HTTPS will not be available.
2025-05-03T21:24:45: Running in HTTP mode only. HTTPS will not be available.
2025-05-03T21:24:46: Running in HTTP mode only. HTTPS will not be available.
2025-05-03T21:24:46: Running in HTTP mode only. HTTPS will not be available.
2025-05-03T21:24:46: Running in HTTP mode only. HTTPS will not be available.
2025-05-03T21:24:46: Running in HTTP mode only. HTTPS will not be available.
2025-05-03T21:24:47: Running in HTTP mode only. HTTPS will not be available.
2025-05-03T21:24:47: Running in HTTP mode only. HTTPS will not be available.
2025-05-03T21:24:47: Running in HTTP mode only. HTTPS will not be available.
2025-05-03T21:24:47: Running in HTTP mode only. HTTPS will not be available.
2025-05-03T21:24:48: Running in HTTP mode only. HTTPS will not be available.
2025-05-03T21:24:48: Running in HTTP mode only. HTTPS will not be available.
2025-05-03T21:24:48: Running in HTTP mode only. HTTPS will not be available.
2025-05-03T21:24:48: Running in HTTP mode only. HTTPS will not be available.
2025-05-03T21:24:49: Running in HTTP mode only. HTTPS will not be available.
2025-05-03T21:24:49: Running in HTTP mode only. HTTPS will not be available.
2025-05-03T21:24:49: Running in HTTP mode only. HTTPS will not be available.
2025-05-03T21:24:49: Running in HTTP mode only. HTTPS will not be available.
2025-05-03T21:24:50: Running in HTTP mode only. HTTPS will not be available.
2025-05-03T21:24:50: Running in HTTP mode only. HTTPS will not be available.
2025-05-03T21:24:50: Running in HTTP mode only. HTTPS will not be available.
2025-05-03T21:24:50: Running in HTTP mode only. HTTPS will not be available.
2025-05-03T21:24:51: Running in HTTP mode only. HTTPS will not be available.
2025-05-03T21:24:51: Running in HTTP mode only. HTTPS will not be available.
2025-05-03T21:24:51: Running in HTTP mode only. HTTPS will not be available.
2025-05-03T21:24:51: Running in HTTP mode only. HTTPS will not be available.
2025-05-03T21:24:52: Running in HTTP mode only. HTTPS will not be available.
2025-05-03T21:24:52: Running in HTTP mode only. HTTPS will not be available.
2025-05-03T21:24:52: Running in HTTP mode only. HTTPS will not be available.
2025-05-03T21:24:52: Running in HTTP mode only. HTTPS will not be available.
2025-05-03T21:24:53: Running in HTTP mode only. HTTPS will not be available.
2025-05-03T21:24:53: Running in HTTP mode only. HTTPS will not be available.
2025-05-03T21:24:53: Running in HTTP mode only. HTTPS will not be available.
2025-05-03T21:24:53: Running in HTTP mode only. HTTPS will not be available.
2025-05-03T21:24:54: Running in HTTP mode only. HTTPS will not be available.
2025-05-03T21:24:54: Running in HTTP mode only. HTTPS will not be available.
2025-05-03T21:24:54: Running in HTTP mode only. HTTPS will not be available.
2025-05-03T21:24:55: Running in HTTP mode only. HTTPS will not be available.
2025-05-03T21:24:55: Running in HTTP mode only. HTTPS will not be available.
2025-05-03T21:24:55: Running in HTTP mode only. HTTPS will not be available.
2025-05-03T21:24:55: Running in HTTP mode only. HTTPS will not be available.
2025-05-03T21:24:56: Running in HTTP mode only. HTTPS will not be available.
2025-05-03T21:24:56: Running in HTTP mode only. HTTPS will not be available.
2025-05-03T21:24:56: Running in HTTP mode only. HTTPS will not be available.
2025-05-03T21:24:56: Running in HTTP mode only. HTTPS will not be available.
2025-05-03T21:24:57: Running in HTTP mode only. HTTPS will not be available.
2025-05-03T21:24:57: Running in HTTP mode only. HTTPS will not be available.
2025-05-03T21:24:57: Running in HTTP mode only. HTTPS will not be available.
2025-05-03T21:24:57: Running in HTTP mode only. HTTPS will not be available.
2025-05-03T21:24:57: Running in HTTP mode only. HTTPS will not be available.
2025-05-03T21:24:58: Running in HTTP mode only. HTTPS will not be available.
2025-05-03T21:24:58: Running in HTTP mode only. HTTPS will not be available.
2025-05-03T21:24:58: Running in HTTP mode only. HTTPS will not be available.
2025-05-03T21:24:58: Running in HTTP mode only. HTTPS will not be available.
2025-05-03T21:24:59: Running in HTTP mode only. HTTPS will not be available.
2025-05-03T21:24:59: Running in HTTP mode only. HTTPS will not be available.
2025-05-03T21:24:59: Running in HTTP mode only. HTTPS will not be available.
2025-05-03T21:24:59: Running in HTTP mode only. HTTPS will not be available.
2025-05-03T21:25:00: Running in HTTP mode only. HTTPS will not be available.
2025-05-03T21:25:00: Running in HTTP mode only. HTTPS will not be available.
2025-05-03T21:25:00: Running in HTTP mode only. HTTPS will not be available.
2025-05-03T21:25:00: Running in HTTP mode only. HTTPS will not be available.
2025-05-03T21:25:01: Running in HTTP mode only. HTTPS will not be available.
2025-05-03T21:25:01: Running in HTTP mode only. HTTPS will not be available.
2025-05-03T21:25:01: Running in HTTP mode only. HTTPS will not be available.
2025-05-03T21:25:01: Running in HTTP mode only. HTTPS will not be available.
2025-05-03T21:25:02: Running in HTTP mode only. HTTPS will not be available.
2025-05-03T21:25:02: Running in HTTP mode only. HTTPS will not be available.
2025-05-03T21:25:02: Running in HTTP mode only. HTTPS will not be available.
2025-05-03T21:25:02: Running in HTTP mode only. HTTPS will not be available.
2025-05-03T21:25:03: Running in HTTP mode only. HTTPS will not be available.
2025-05-03T21:25:03: Running in HTTP mode only. HTTPS will not be available.
2025-05-03T21:25:03: Running in HTTP mode only. HTTPS will not be available.
2025-05-03T21:25:03: Running in HTTP mode only. HTTPS will not be available.
2025-05-03T21:25:03: Running in HTTP mode only. HTTPS will not be available.
2025-05-03T21:25:04: Running in HTTP mode only. HTTPS will not be available.
2025-05-03T21:25:04: Running in HTTP mode only. HTTPS will not be available.
2025-05-03T21:25:04: Running in HTTP mode only. HTTPS will not be available.
2025-05-03T21:25:04: Running in HTTP mode only. HTTPS will not be available.
2025-05-03T21:25:05: Running in HTTP mode only. HTTPS will not be available.
2025-05-03T21:25:05: Running in HTTP mode only. HTTPS will not be available.
2025-05-03T21:25:05: Running in HTTP mode only. HTTPS will not be available.
2025-05-03T21:25:05: Running in HTTP mode only. HTTPS will not be available.
2025-05-03T21:25:06: Running in HTTP mode only. HTTPS will not be available.
2025-05-03T21:25:06: Running in HTTP mode only. HTTPS will not be available.
2025-05-03T21:25:06: Running in HTTP mode only. HTTPS will not be available.
2025-05-03T21:25:06: Running in HTTP mode only. HTTPS will not be available.
2025-05-03T21:25:07: Running in HTTP mode only. HTTPS will not be available.
2025-05-03T21:25:07: Running in HTTP mode only. HTTPS will not be available.
2025-05-03T21:25:07: Running in HTTP mode only. HTTPS will not be available.
2025-05-03T21:25:07: Running in HTTP mode only. HTTPS will not be available.
2025-05-03T21:25:08: Running in HTTP mode only. HTTPS will not be available.
2025-05-03T21:25:08: Running in HTTP mode only. HTTPS will not be available.
2025-05-03T21:25:08: Running in HTTP mode only. HTTPS will not be available.
2025-05-03T21:25:08: Running in HTTP mode only. HTTPS will not be available.
2025-05-03T21:25:09: Running in HTTP mode only. HTTPS will not be available.
2025-05-03T21:25:09: Running in HTTP mode only. HTTPS will not be available.
2025-05-03T21:25:09: Running in HTTP mode only. HTTPS will not be available.
2025-05-03T21:25:09: Running in HTTP mode only. HTTPS will not be available.
2025-05-03T21:25:10: Running in HTTP mode only. HTTPS will not be available.
2025-05-03T21:25:10: Running in HTTP mode only. HTTPS will not be available.
2025-05-03T21:25:10: Running in HTTP mode only. HTTPS will not be available.
2025-05-03T21:25:10: Running in HTTP mode only. HTTPS will not be available.
2025-05-03T21:25:11: Running in HTTP mode only. HTTPS will not be available.
2025-05-03T21:25:11: Running in HTTP mode only. HTTPS will not be available.
2025-05-03T21:25:11: Running in HTTP mode only. HTTPS will not be available.
2025-05-03T21:25:11: Running in HTTP mode only. HTTPS will not be available.
2025-05-03T21:25:12: Running in HTTP mode only. HTTPS will not be available.
2025-05-03T21:25:12: Running in HTTP mode only. HTTPS will not be available.
2025-05-03T21:25:12: Running in HTTP mode only. HTTPS will not be available.
2025-05-03T21:25:12: Running in HTTP mode only. HTTPS will not be available.
2025-05-03T21:25:13: Running in HTTP mode only. HTTPS will not be available.
2025-05-03T21:25:13: Running in HTTP mode only. HTTPS will not be available.
2025-05-03T21:25:13: Running in HTTP mode only. HTTPS will not be available.
2025-05-03T21:25:13: Running in HTTP mode only. HTTPS will not be available.
2025-05-03T21:25:13: Running in HTTP mode only. HTTPS will not be available.
2025-05-03T21:25:14: Running in HTTP mode only. HTTPS will not be available.
2025-05-03T21:25:14: Running in HTTP mode only. HTTPS will not be available.
2025-05-03T21:25:14: Running in HTTP mode only. HTTPS will not be available.
2025-05-03T21:25:14: Running in HTTP mode only. HTTPS will not be available.
2025-05-03T21:25:15: Running in HTTP mode only. HTTPS will not be available.
2025-05-03T21:25:15: Running in HTTP mode only. HTTPS will not be available.
2025-05-03T21:25:15: Running in HTTP mode only. HTTPS will not be available.
2025-05-03T21:25:15: Running in HTTP mode only. HTTPS will not be available.
2025-05-03T21:25:15: Running in HTTP mode only. HTTPS will not be available.
2025-05-03T21:25:16: Running in HTTP mode only. HTTPS will not be available.
2025-05-03T21:25:16: Running in HTTP mode only. HTTPS will not be available.
2025-05-03T21:25:16: Running in HTTP mode only. HTTPS will not be available.
2025-05-03T21:25:16: Running in HTTP mode only. HTTPS will not be available.
2025-05-03T21:25:17: Running in HTTP mode only. HTTPS will not be available.
2025-05-03T21:25:17: Running in HTTP mode only. HTTPS will not be available.
2025-05-03T21:25:17: Running in HTTP mode only. HTTPS will not be available.
2025-05-03T21:25:17: Running in HTTP mode only. HTTPS will not be available.
2025-05-03T21:25:17: Running in HTTP mode only. HTTPS will not be available.
2025-05-03T21:25:18: Running in HTTP mode only. HTTPS will not be available.
2025-05-03T21:25:18: Running in HTTP mode only. HTTPS will not be available.
2025-05-03T21:25:18: Running in HTTP mode only. HTTPS will not be available.
2025-05-03T21:25:19: Running in HTTP mode only. HTTPS will not be available.
2025-05-03T21:25:19: Running in HTTP mode only. HTTPS will not be available.
2025-05-03T21:25:19: Running in HTTP mode only. HTTPS will not be available.
2025-05-03T21:25:19: Running in HTTP mode only. HTTPS will not be available.
2025-05-03T21:25:20: Running in HTTP mode only. HTTPS will not be available.
2025-05-03T21:25:20: Running in HTTP mode only. HTTPS will not be available.
2025-05-03T21:25:20: Running in HTTP mode only. HTTPS will not be available.
2025-05-03T21:25:20: Running in HTTP mode only. HTTPS will not be available.
2025-05-03T21:25:20: Running in HTTP mode only. HTTPS will not be available.
2025-05-03T21:25:21: Running in HTTP mode only. HTTPS will not be available.
2025-05-03T21:25:21: Running in HTTP mode only. HTTPS will not be available.
2025-05-03T21:25:21: Running in HTTP mode only. HTTPS will not be available.
2025-05-03T21:25:21: Running in HTTP mode only. HTTPS will not be available.
2025-05-03T21:25:22: Running in HTTP mode only. HTTPS will not be available.
2025-05-03T21:25:22: Running in HTTP mode only. HTTPS will not be available.
2025-05-03T21:25:22: Running in HTTP mode only. HTTPS will not be available.
2025-05-03T21:25:22: Running in HTTP mode only. HTTPS will not be available.
2025-05-03T21:25:22: Running in HTTP mode only. HTTPS will not be available.
2025-05-03T21:25:23: Running in HTTP mode only. HTTPS will not be available.
2025-05-03T21:25:23: Running in HTTP mode only. HTTPS will not be available.
2025-05-03T21:25:23: Running in HTTP mode only. HTTPS will not be available.
2025-05-03T21:25:23: Running in HTTP mode only. HTTPS will not be available.
2025-05-03T21:25:24: Running in HTTP mode only. HTTPS will not be available.
2025-05-03T21:25:24: Running in HTTP mode only. HTTPS will not be available.
2025-05-03T21:25:24: Running in HTTP mode only. HTTPS will not be available.
2025-05-03T21:25:24: Running in HTTP mode only. HTTPS will not be available.
2025-05-03T21:25:25: Running in HTTP mode only. HTTPS will not be available.
2025-05-03T21:25:25: Running in HTTP mode only. HTTPS will not be available.
2025-05-03T21:25:25: Running in HTTP mode only. HTTPS will not be available.
2025-05-03T21:25:25: Running in HTTP mode only. HTTPS will not be available.
2025-05-03T21:25:26: Running in HTTP mode only. HTTPS will not be available.
2025-05-03T21:25:26: Running in HTTP mode only. HTTPS will not be available.
2025-05-03T21:25:26: Running in HTTP mode only. HTTPS will not be available.
2025-05-03T21:25:27: Running in HTTP mode only. HTTPS will not be available.
2025-05-03T21:25:27: Running in HTTP mode only. HTTPS will not be available.
2025-05-03T21:25:27: Running in HTTP mode only. HTTPS will not be available.
2025-05-03T21:25:27: Running in HTTP mode only. HTTPS will not be available.
2025-05-03T21:25:28: Running in HTTP mode only. HTTPS will not be available.
2025-05-03T21:25:28: Running in HTTP mode only. HTTPS will not be available.
2025-05-03T21:25:28: Running in HTTP mode only. HTTPS will not be available.
2025-05-03T21:25:28: Running in HTTP mode only. HTTPS will not be available.
2025-05-03T21:25:28: Running in HTTP mode only. HTTPS will not be available.
2025-05-03T21:25:29: Running in HTTP mode only. HTTPS will not be available.
2025-05-03T21:25:29: Running in HTTP mode only. HTTPS will not be available.
2025-05-03T21:25:29: Running in HTTP mode only. HTTPS will not be available.
2025-05-03T21:25:29: Running in HTTP mode only. HTTPS will not be available.
2025-05-03T21:25:30: Running in HTTP mode only. HTTPS will not be available.
2025-05-03T21:25:30: Running in HTTP mode only. HTTPS will not be available.
2025-05-03T21:25:30: Running in HTTP mode only. HTTPS will not be available.
2025-05-03T21:25:30: Running in HTTP mode only. HTTPS will not be available.
2025-05-03T21:25:30: Running in HTTP mode only. HTTPS will not be available.
2025-05-03T21:25:31: Running in HTTP mode only. HTTPS will not be available.
2025-05-03T21:25:31: Running in HTTP mode only. HTTPS will not be available.
2025-05-03T21:25:31: Running in HTTP mode only. HTTPS will not be available.
2025-05-03T21:25:31: Running in HTTP mode only. HTTPS will not be available.
2025-05-03T21:25:32: Running in HTTP mode only. HTTPS will not be available.
2025-05-03T21:25:32: Running in HTTP mode only. HTTPS will not be available.
2025-05-03T21:25:32: Running in HTTP mode only. HTTPS will not be available.
2025-05-03T21:25:32: Running in HTTP mode only. HTTPS will not be available.
2025-05-03T21:25:33: Running in HTTP mode only. HTTPS will not be available.
2025-05-03T21:25:33: Running in HTTP mode only. HTTPS will not be available.
2025-05-03T21:25:33: Running in HTTP mode only. HTTPS will not be available.
2025-05-03T21:25:33: Running in HTTP mode only. HTTPS will not be available.
2025-05-03T21:25:34: Running in HTTP mode only. HTTPS will not be available.
2025-05-03T21:25:34: Running in HTTP mode only. HTTPS will not be available.
2025-05-03T21:25:34: Running in HTTP mode only. HTTPS will not be available.
2025-05-03T21:25:34: Running in HTTP mode only. HTTPS will not be available.
2025-05-03T21:25:34: Running in HTTP mode only. HTTPS will not be available.
2025-05-03T21:25:35: Running in HTTP mode only. HTTPS will not be available.
2025-05-03T21:25:35: Running in HTTP mode only. HTTPS will not be available.
2025-05-03T21:25:35: Running in HTTP mode only. HTTPS will not be available.
2025-05-03T21:25:35: Running in HTTP mode only. HTTPS will not be available.
2025-05-03T21:25:36: Running in HTTP mode only. HTTPS will not be available.
2025-05-03T21:25:36: Running in HTTP mode only. HTTPS will not be available.
2025-05-03T21:25:36: Running in HTTP mode only. HTTPS will not be available.
2025-05-03T21:25:36: Running in HTTP mode only. HTTPS will not be available.
2025-05-03T21:25:37: Running in HTTP mode only. HTTPS will not be available.
2025-05-03T21:25:37: Running in HTTP mode only. HTTPS will not be available.
2025-05-03T21:25:37: Running in HTTP mode only. HTTPS will not be available.
2025-05-03T21:25:37: Running in HTTP mode only. HTTPS will not be available.
2025-05-03T21:25:38: Running in HTTP mode only. HTTPS will not be available.
2025-05-03T21:25:38: Running in HTTP mode only. HTTPS will not be available.
2025-05-03T21:25:38: Running in HTTP mode only. HTTPS will not be available.
2025-05-03T21:25:38: Running in HTTP mode only. HTTPS will not be available.
2025-05-03T21:25:39: Running in HTTP mode only. HTTPS will not be available.
2025-05-03T21:25:39: Running in HTTP mode only. HTTPS will not be available.
2025-05-03T21:25:39: Running in HTTP mode only. HTTPS will not be available.
2025-05-03T21:25:39: Running in HTTP mode only. HTTPS will not be available.
2025-05-03T21:25:39: Running in HTTP mode only. HTTPS will not be available.
2025-05-03T21:25:40: Running in HTTP mode only. HTTPS will not be available.
2025-05-03T21:25:40: Running in HTTP mode only. HTTPS will not be available.
2025-05-03T21:25:40: Running in HTTP mode only. HTTPS will not be available.
2025-05-03T21:25:40: Running in HTTP mode only. HTTPS will not be available.
2025-05-03T21:25:41: Running in HTTP mode only. HTTPS will not be available.
2025-05-03T21:25:41: Running in HTTP mode only. HTTPS will not be available.
2025-05-03T21:25:41: Running in HTTP mode only. HTTPS will not be available.
2025-05-03T21:25:41: Running in HTTP mode only. HTTPS will not be available.
2025-05-03T21:25:42: Running in HTTP mode only. HTTPS will not be available.
2025-05-03T21:25:42: Running in HTTP mode only. HTTPS will not be available.
2025-05-03T21:25:42: Running in HTTP mode only. HTTPS will not be available.
2025-05-03T21:25:42: Running in HTTP mode only. HTTPS will not be available.
2025-05-03T21:25:43: Running in HTTP mode only. HTTPS will not be available.
2025-05-03T21:25:43: Running in HTTP mode only. HTTPS will not be available.
2025-05-03T21:25:43: Running in HTTP mode only. HTTPS will not be available.
2025-05-03T21:25:43: Running in HTTP mode only. HTTPS will not be available.
2025-05-03T21:25:44: Running in HTTP mode only. HTTPS will not be available.
2025-05-03T21:25:44: Running in HTTP mode only. HTTPS will not be available.
2025-05-03T21:25:44: Running in HTTP mode only. HTTPS will not be available.
2025-05-03T21:25:44: Running in HTTP mode only. HTTPS will not be available.
2025-05-03T21:25:45: Running in HTTP mode only. HTTPS will not be available.
2025-05-03T21:25:45: Running in HTTP mode only. HTTPS will not be available.
2025-05-03T21:25:45: Running in HTTP mode only. HTTPS will not be available.
2025-05-03T21:25:45: Running in HTTP mode only. HTTPS will not be available.
2025-05-03T21:25:45: Running in HTTP mode only. HTTPS will not be available.
2025-05-03T21:25:46: Running in HTTP mode only. HTTPS will not be available.
2025-05-03T21:25:46: Running in HTTP mode only. HTTPS will not be available.
2025-05-03T21:25:46: Running in HTTP mode only. HTTPS will not be available.
2025-05-03T21:25:46: Running in HTTP mode only. HTTPS will not be available.
2025-05-03T21:25:47: Running in HTTP mode only. HTTPS will not be available.
2025-05-03T21:25:47: Running in HTTP mode only. HTTPS will not be available.
2025-05-03T21:25:47: Running in HTTP mode only. HTTPS will not be available.
2025-05-03T21:25:47: Running in HTTP mode only. HTTPS will not be available.
2025-05-03T21:25:48: Running in HTTP mode only. HTTPS will not be available.
2025-05-03T21:25:48: Running in HTTP mode only. HTTPS will not be available.
2025-05-03T21:25:48: Running in HTTP mode only. HTTPS will not be available.
2025-05-03T21:25:48: Running in HTTP mode only. HTTPS will not be available.
2025-05-03T21:25:49: Running in HTTP mode only. HTTPS will not be available.
2025-05-03T21:25:49: Running in HTTP mode only. HTTPS will not be available.
2025-05-03T21:25:49: Running in HTTP mode only. HTTPS will not be available.
2025-05-03T21:25:49: Running in HTTP mode only. HTTPS will not be available.
2025-05-03T21:25:50: Running in HTTP mode only. HTTPS will not be available.
2025-05-03T21:25:50: Running in HTTP mode only. HTTPS will not be available.
2025-05-03T21:25:50: Running in HTTP mode only. HTTPS will not be available.
2025-05-03T21:25:50: Running in HTTP mode only. HTTPS will not be available.
2025-05-03T21:25:51: Running in HTTP mode only. HTTPS will not be available.
2025-05-03T21:25:51: Running in HTTP mode only. HTTPS will not be available.
2025-05-03T21:25:51: Running in HTTP mode only. HTTPS will not be available.
2025-05-03T21:25:51: Running in HTTP mode only. HTTPS will not be available.
2025-05-03T21:25:52: Running in HTTP mode only. HTTPS will not be available.
2025-05-03T21:25:52: Running in HTTP mode only. HTTPS will not be available.
2025-05-03T21:25:52: Running in HTTP mode only. HTTPS will not be available.
2025-05-03T21:25:52: Running in HTTP mode only. HTTPS will not be available.
2025-05-03T21:25:53: Running in HTTP mode only. HTTPS will not be available.
2025-05-03T21:25:53: Running in HTTP mode only. HTTPS will not be available.
2025-05-03T21:25:53: Running in HTTP mode only. HTTPS will not be available.
2025-05-03T21:25:54: Running in HTTP mode only. HTTPS will not be available.
2025-05-03T21:25:54: Running in HTTP mode only. HTTPS will not be available.
2025-05-03T21:25:54: Running in HTTP mode only. HTTPS will not be available.
2025-05-03T21:25:54: Running in HTTP mode only. HTTPS will not be available.
2025-05-03T21:25:55: Running in HTTP mode only. HTTPS will not be available.
2025-05-03T21:25:55: Running in HTTP mode only. HTTPS will not be available.
2025-05-03T21:25:55: Running in HTTP mode only. HTTPS will not be available.
2025-05-03T21:25:55: Running in HTTP mode only. HTTPS will not be available.
2025-05-03T21:25:56: Running in HTTP mode only. HTTPS will not be available.
2025-05-03T21:25:56: Running in HTTP mode only. HTTPS will not be available.
2025-05-03T21:25:56: Running in HTTP mode only. HTTPS will not be available.
2025-05-03T21:25:56: Running in HTTP mode only. HTTPS will not be available.
2025-05-03T21:25:57: Running in HTTP mode only. HTTPS will not be available.
2025-05-03T21:25:57: Running in HTTP mode only. HTTPS will not be available.
2025-05-03T21:25:57: Running in HTTP mode only. HTTPS will not be available.
2025-05-03T21:25:57: Running in HTTP mode only. HTTPS will not be available.
2025-05-03T21:25:57: Running in HTTP mode only. HTTPS will not be available.
2025-05-03T21:25:58: Running in HTTP mode only. HTTPS will not be available.
2025-05-03T21:25:58: Running in HTTP mode only. HTTPS will not be available.
2025-05-03T21:25:58: Running in HTTP mode only. HTTPS will not be available.
2025-05-03T21:25:58: Running in HTTP mode only. HTTPS will not be available.
2025-05-03T21:25:59: Running in HTTP mode only. HTTPS will not be available.
2025-05-03T21:25:59: Running in HTTP mode only. HTTPS will not be available.
2025-05-03T21:25:59: Running in HTTP mode only. HTTPS will not be available.
2025-05-03T21:25:59: Running in HTTP mode only. HTTPS will not be available.
2025-05-03T21:26:00: Running in HTTP mode only. HTTPS will not be available.
2025-05-03T21:26:00: Running in HTTP mode only. HTTPS will not be available.
2025-05-03T21:26:00: Running in HTTP mode only. HTTPS will not be available.
2025-05-03T21:26:00: Running in HTTP mode only. HTTPS will not be available.
2025-05-03T21:26:01: Running in HTTP mode only. HTTPS will not be available.
2025-05-03T21:26:01: Running in HTTP mode only. HTTPS will not be available.
2025-05-03T21:26:01: Running in HTTP mode only. HTTPS will not be available.
2025-05-03T21:26:01: Running in HTTP mode only. HTTPS will not be available.
2025-05-03T21:26:02: Running in HTTP mode only. HTTPS will not be available.
2025-05-03T21:26:02: Running in HTTP mode only. HTTPS will not be available.
2025-05-03T21:26:02: Running in HTTP mode only. HTTPS will not be available.
2025-05-03T21:26:02: Running in HTTP mode only. HTTPS will not be available.
2025-05-03T21:26:03: Running in HTTP mode only. HTTPS will not be available.
2025-05-03T21:26:03: Running in HTTP mode only. HTTPS will not be available.
2025-05-03T21:26:03: Running in HTTP mode only. HTTPS will not be available.
2025-05-03T21:26:03: Running in HTTP mode only. HTTPS will not be available.
2025-05-03T21:26:03: Running in HTTP mode only. HTTPS will not be available.
2025-05-03T21:26:04: Running in HTTP mode only. HTTPS will not be available.
2025-05-03T21:26:04: Running in HTTP mode only. HTTPS will not be available.
2025-05-03T21:26:04: Running in HTTP mode only. HTTPS will not be available.
2025-05-03T21:26:04: Running in HTTP mode only. HTTPS will not be available.
2025-05-03T21:26:05: Running in HTTP mode only. HTTPS will not be available.
2025-05-03T21:26:05: Running in HTTP mode only. HTTPS will not be available.
2025-05-03T21:26:05: Running in HTTP mode only. HTTPS will not be available.
2025-05-03T21:26:05: Running in HTTP mode only. HTTPS will not be available.
2025-05-03T21:26:06: Running in HTTP mode only. HTTPS will not be available.
2025-05-03T21:26:06: Running in HTTP mode only. HTTPS will not be available.
2025-05-03T21:26:06: Running in HTTP mode only. HTTPS will not be available.
2025-05-03T21:26:06: Running in HTTP mode only. HTTPS will not be available.
2025-05-03T21:26:07: Running in HTTP mode only. HTTPS will not be available.
2025-05-03T21:26:07: Running in HTTP mode only. HTTPS will not be available.
2025-05-03T21:26:07: Running in HTTP mode only. HTTPS will not be available.
2025-05-03T21:26:07: Running in HTTP mode only. HTTPS will not be available.
2025-05-03T21:26:08: Running in HTTP mode only. HTTPS will not be available.
2025-05-03T21:26:08: Running in HTTP mode only. HTTPS will not be available.
2025-05-03T21:26:08: Running in HTTP mode only. HTTPS will not be available.
2025-05-03T21:26:08: Running in HTTP mode only. HTTPS will not be available.
2025-05-03T21:26:09: Running in HTTP mode only. HTTPS will not be available.
2025-05-03T21:26:09: Running in HTTP mode only. HTTPS will not be available.
2025-05-03T21:26:09: Running in HTTP mode only. HTTPS will not be available.
2025-05-03T21:26:09: Running in HTTP mode only. HTTPS will not be available.
2025-05-03T21:26:10: Running in HTTP mode only. HTTPS will not be available.
2025-05-03T21:26:10: Running in HTTP mode only. HTTPS will not be available.
2025-05-03T21:26:10: Running in HTTP mode only. HTTPS will not be available.
2025-05-03T21:26:10: Running in HTTP mode only. HTTPS will not be available.
2025-05-03T21:26:11: Running in HTTP mode only. HTTPS will not be available.
2025-05-03T21:26:11: Running in HTTP mode only. HTTPS will not be available.
2025-05-03T21:26:11: Running in HTTP mode only. HTTPS will not be available.
2025-05-03T21:26:11: Running in HTTP mode only. HTTPS will not be available.
2025-05-03T21:26:12: Running in HTTP mode only. HTTPS will not be available.
2025-05-03T21:26:12: Running in HTTP mode only. HTTPS will not be available.
2025-05-03T21:26:12: Running in HTTP mode only. HTTPS will not be available.
2025-05-03T21:26:12: Running in HTTP mode only. HTTPS will not be available.
2025-05-03T21:26:13: Running in HTTP mode only. HTTPS will not be available.
2025-05-03T21:26:13: Running in HTTP mode only. HTTPS will not be available.
2025-05-03T21:26:13: Running in HTTP mode only. HTTPS will not be available.
2025-05-03T21:26:13: Running in HTTP mode only. HTTPS will not be available.
2025-05-03T21:26:13: Running in HTTP mode only. HTTPS will not be available.
2025-05-03T21:26:14: Running in HTTP mode only. HTTPS will not be available.
2025-05-03T21:26:14: Running in HTTP mode only. HTTPS will not be available.
2025-05-03T21:26:14: Running in HTTP mode only. HTTPS will not be available.
2025-05-03T21:26:14: Running in HTTP mode only. HTTPS will not be available.
2025-05-03T21:26:15: Running in HTTP mode only. HTTPS will not be available.
2025-05-03T21:26:15: Running in HTTP mode only. HTTPS will not be available.
2025-05-03T21:26:15: Running in HTTP mode only. HTTPS will not be available.
2025-05-03T21:26:15: Running in HTTP mode only. HTTPS will not be available.
2025-05-03T21:26:15: Running in HTTP mode only. HTTPS will not be available.
2025-05-03T21:26:16: Running in HTTP mode only. HTTPS will not be available.
2025-05-03T21:26:16: Running in HTTP mode only. HTTPS will not be available.
2025-05-03T21:26:16: Running in HTTP mode only. HTTPS will not be available.
2025-05-03T21:26:16: Running in HTTP mode only. HTTPS will not be available.
2025-05-03T21:26:17: Running in HTTP mode only. HTTPS will not be available.
2025-05-03T21:26:17: Running in HTTP mode only. HTTPS will not be available.
2025-05-03T21:26:17: Running in HTTP mode only. HTTPS will not be available.
2025-05-03T21:26:17: Running in HTTP mode only. HTTPS will not be available.
2025-05-03T21:26:17: Running in HTTP mode only. HTTPS will not be available.
2025-05-03T21:26:18: Running in HTTP mode only. HTTPS will not be available.
2025-05-03T21:26:18: Running in HTTP mode only. HTTPS will not be available.
2025-05-03T21:26:18: Running in HTTP mode only. HTTPS will not be available.
2025-05-03T21:26:19: Running in HTTP mode only. HTTPS will not be available.
2025-05-03T21:26:19: Running in HTTP mode only. HTTPS will not be available.
2025-05-03T21:26:19: Running in HTTP mode only. HTTPS will not be available.
2025-05-03T21:26:20: Running in HTTP mode only. HTTPS will not be available.
2025-05-03T21:26:20: Running in HTTP mode only. HTTPS will not be available.
2025-05-03T21:26:20: Running in HTTP mode only. HTTPS will not be available.
2025-05-03T21:26:20: Running in HTTP mode only. HTTPS will not be available.
2025-05-03T21:26:20: Running in HTTP mode only. HTTPS will not be available.
2025-05-03T21:26:21: Running in HTTP mode only. HTTPS will not be available.
2025-05-03T21:26:21: Running in HTTP mode only. HTTPS will not be available.
2025-05-03T21:26:21: Running in HTTP mode only. HTTPS will not be available.
2025-05-03T21:26:21: Running in HTTP mode only. HTTPS will not be available.
2025-05-03T21:26:22: Running in HTTP mode only. HTTPS will not be available.
2025-05-03T21:26:22: Running in HTTP mode only. HTTPS will not be available.
2025-05-03T21:26:22: Running in HTTP mode only. HTTPS will not be available.
2025-05-03T21:26:22: Running in HTTP mode only. HTTPS will not be available.
2025-05-03T21:26:22: Running in HTTP mode only. HTTPS will not be available.
2025-05-03T21:26:23: Running in HTTP mode only. HTTPS will not be available.
2025-05-03T21:26:23: Running in HTTP mode only. HTTPS will not be available.
2025-05-03T21:26:23: Running in HTTP mode only. HTTPS will not be available.
2025-05-03T21:26:23: Running in HTTP mode only. HTTPS will not be available.
2025-05-03T21:26:24: Running in HTTP mode only. HTTPS will not be available.
2025-05-03T21:26:24: Running in HTTP mode only. HTTPS will not be available.
2025-05-03T21:26:24: Running in HTTP mode only. HTTPS will not be available.
2025-05-03T21:26:24: Running in HTTP mode only. HTTPS will not be available.
2025-05-03T21:26:25: Running in HTTP mode only. HTTPS will not be available.
2025-05-03T21:26:25: Running in HTTP mode only. HTTPS will not be available.
2025-05-03T21:26:25: Running in HTTP mode only. HTTPS will not be available.
2025-05-03T21:26:25: Running in HTTP mode only. HTTPS will not be available.
2025-05-03T21:26:26: Running in HTTP mode only. HTTPS will not be available.
2025-05-03T21:26:26: Running in HTTP mode only. HTTPS will not be available.
2025-05-03T21:26:26: Running in HTTP mode only. HTTPS will not be available.
2025-05-03T21:26:26: Running in HTTP mode only. HTTPS will not be available.
2025-05-03T21:26:27: Running in HTTP mode only. HTTPS will not be available.
2025-05-03T21:26:27: Running in HTTP mode only. HTTPS will not be available.
2025-05-03T21:26:27: Running in HTTP mode only. HTTPS will not be available.
2025-05-03T21:26:27: Running in HTTP mode only. HTTPS will not be available.
2025-05-03T21:26:28: Running in HTTP mode only. HTTPS will not be available.
2025-05-03T21:26:28: Running in HTTP mode only. HTTPS will not be available.
2025-05-03T21:26:28: Running in HTTP mode only. HTTPS will not be available.
2025-05-03T21:26:28: Running in HTTP mode only. HTTPS will not be available.
2025-05-03T21:26:28: Running in HTTP mode only. HTTPS will not be available.
2025-05-03T21:26:29: Running in HTTP mode only. HTTPS will not be available.
2025-05-03T21:26:29: Running in HTTP mode only. HTTPS will not be available.
2025-05-03T21:26:29: Running in HTTP mode only. HTTPS will not be available.
2025-05-03T21:26:29: Running in HTTP mode only. HTTPS will not be available.
2025-05-03T21:26:30: Running in HTTP mode only. HTTPS will not be available.
2025-05-03T21:26:30: Running in HTTP mode only. HTTPS will not be available.
2025-05-03T21:26:30: Running in HTTP mode only. HTTPS will not be available.
2025-05-03T21:26:30: Running in HTTP mode only. HTTPS will not be available.
2025-05-03T21:26:30: Running in HTTP mode only. HTTPS will not be available.
2025-05-03T21:26:31: Running in HTTP mode only. HTTPS will not be available.
2025-05-03T21:26:31: Running in HTTP mode only. HTTPS will not be available.
2025-05-03T21:26:31: Running in HTTP mode only. HTTPS will not be available.
2025-05-03T21:26:31: Running in HTTP mode only. HTTPS will not be available.
2025-05-03T21:26:32: Running in HTTP mode only. HTTPS will not be available.
2025-05-03T21:26:32: Running in HTTP mode only. HTTPS will not be available.
2025-05-03T21:26:32: Running in HTTP mode only. HTTPS will not be available.
2025-05-03T21:26:32: Running in HTTP mode only. HTTPS will not be available.
2025-05-03T21:26:33: Running in HTTP mode only. HTTPS will not be available.
2025-05-03T21:26:33: Running in HTTP mode only. HTTPS will not be available.
2025-05-03T21:26:33: Running in HTTP mode only. HTTPS will not be available.
2025-05-03T21:26:33: Running in HTTP mode only. HTTPS will not be available.
2025-05-03T21:26:34: Running in HTTP mode only. HTTPS will not be available.
2025-05-03T21:26:34: Running in HTTP mode only. HTTPS will not be available.
2025-05-03T21:26:34: Running in HTTP mode only. HTTPS will not be available.
2025-05-03T21:26:34: Running in HTTP mode only. HTTPS will not be available.
2025-05-03T21:26:34: Running in HTTP mode only. HTTPS will not be available.
2025-05-03T21:26:35: Running in HTTP mode only. HTTPS will not be available.
2025-05-03T21:26:35: Running in HTTP mode only. HTTPS will not be available.
2025-05-03T21:26:35: Running in HTTP mode only. HTTPS will not be available.
2025-05-03T21:26:35: Running in HTTP mode only. HTTPS will not be available.
2025-05-03T21:26:36: Running in HTTP mode only. HTTPS will not be available.
2025-05-03T21:26:36: Running in HTTP mode only. HTTPS will not be available.
2025-05-03T21:26:36: Running in HTTP mode only. HTTPS will not be available.
2025-05-03T21:26:36: Running in HTTP mode only. HTTPS will not be available.
2025-05-03T21:26:37: Running in HTTP mode only. HTTPS will not be available.
2025-05-03T21:26:37: Running in HTTP mode only. HTTPS will not be available.
2025-05-03T21:26:37: Running in HTTP mode only. HTTPS will not be available.
2025-05-03T21:26:37: Running in HTTP mode only. HTTPS will not be available.
2025-05-03T21:26:38: Running in HTTP mode only. HTTPS will not be available.
2025-05-03T21:26:38: Running in HTTP mode only. HTTPS will not be available.
2025-05-03T21:26:38: Running in HTTP mode only. HTTPS will not be available.
2025-05-03T21:26:38: Running in HTTP mode only. HTTPS will not be available.
2025-05-03T21:26:39: Running in HTTP mode only. HTTPS will not be available.
2025-05-03T21:26:39: Running in HTTP mode only. HTTPS will not be available.
2025-05-03T21:26:39: Running in HTTP mode only. HTTPS will not be available.
2025-05-03T21:26:39: Running in HTTP mode only. HTTPS will not be available.
2025-05-03T21:26:39: Running in HTTP mode only. HTTPS will not be available.
2025-05-03T21:26:40: Running in HTTP mode only. HTTPS will not be available.
2025-05-03T21:26:40: Running in HTTP mode only. HTTPS will not be available.
2025-05-03T21:26:40: Running in HTTP mode only. HTTPS will not be available.
2025-05-03T21:26:40: Running in HTTP mode only. HTTPS will not be available.
2025-05-03T21:26:41: Running in HTTP mode only. HTTPS will not be available.
2025-05-03T21:26:41: Running in HTTP mode only. HTTPS will not be available.
2025-05-03T21:26:41: Running in HTTP mode only. HTTPS will not be available.
2025-05-03T21:26:41: Running in HTTP mode only. HTTPS will not be available.
2025-05-03T21:26:42: Running in HTTP mode only. HTTPS will not be available.
2025-05-03T21:26:42: Running in HTTP mode only. HTTPS will not be available.
2025-05-03T21:26:42: Running in HTTP mode only. HTTPS will not be available.
2025-05-03T21:26:42: Running in HTTP mode only. HTTPS will not be available.
2025-05-03T21:26:43: Running in HTTP mode only. HTTPS will not be available.
2025-05-03T21:26:43: Running in HTTP mode only. HTTPS will not be available.
2025-05-03T21:26:43: Running in HTTP mode only. HTTPS will not be available.
2025-05-03T21:26:43: Running in HTTP mode only. HTTPS will not be available.
2025-05-03T21:26:44: Running in HTTP mode only. HTTPS will not be available.
2025-05-03T21:26:44: Running in HTTP mode only. HTTPS will not be available.
2025-05-03T21:26:44: Running in HTTP mode only. HTTPS will not be available.
2025-05-03T21:26:44: Running in HTTP mode only. HTTPS will not be available.
2025-05-03T21:26:45: Running in HTTP mode only. HTTPS will not be available.
2025-05-03T21:26:45: Running in HTTP mode only. HTTPS will not be available.
2025-05-03T21:26:45: Running in HTTP mode only. HTTPS will not be available.
2025-05-03T21:26:45: Running in HTTP mode only. HTTPS will not be available.
2025-05-03T21:26:45: Running in HTTP mode only. HTTPS will not be available.
2025-05-03T21:26:46: Running in HTTP mode only. HTTPS will not be available.
2025-05-03T21:26:46: Running in HTTP mode only. HTTPS will not be available.
2025-05-03T21:26:46: Running in HTTP mode only. HTTPS will not be available.
2025-05-03T21:26:46: Running in HTTP mode only. HTTPS will not be available.
2025-05-03T21:26:47: Running in HTTP mode only. HTTPS will not be available.
2025-05-03T21:26:47: Running in HTTP mode only. HTTPS will not be available.
2025-05-03T21:26:47: Running in HTTP mode only. HTTPS will not be available.
2025-05-03T21:26:47: Running in HTTP mode only. HTTPS will not be available.
2025-05-03T21:26:48: Running in HTTP mode only. HTTPS will not be available.
2025-05-03T21:26:48: Running in HTTP mode only. HTTPS will not be available.
2025-05-03T21:26:48: Running in HTTP mode only. HTTPS will not be available.
2025-05-03T21:26:48: Running in HTTP mode only. HTTPS will not be available.
2025-05-03T21:26:49: Running in HTTP mode only. HTTPS will not be available.
2025-05-03T21:26:49: Running in HTTP mode only. HTTPS will not be available.
2025-05-03T21:26:49: Running in HTTP mode only. HTTPS will not be available.
2025-05-03T21:26:49: Running in HTTP mode only. HTTPS will not be available.
2025-05-03T21:26:50: Running in HTTP mode only. HTTPS will not be available.
2025-05-03T21:26:50: Running in HTTP mode only. HTTPS will not be available.
2025-05-03T21:26:50: Running in HTTP mode only. HTTPS will not be available.
2025-05-03T21:26:50: Running in HTTP mode only. HTTPS will not be available.
2025-05-03T21:26:51: Running in HTTP mode only. HTTPS will not be available.
2025-05-03T21:26:51: Running in HTTP mode only. HTTPS will not be available.
2025-05-03T21:26:51: Running in HTTP mode only. HTTPS will not be available.
2025-05-03T21:26:51: Running in HTTP mode only. HTTPS will not be available.
2025-05-03T21:26:52: Running in HTTP mode only. HTTPS will not be available.
2025-05-03T21:26:52: Running in HTTP mode only. HTTPS will not be available.
2025-05-03T21:26:52: Running in HTTP mode only. HTTPS will not be available.
2025-05-03T21:26:52: Running in HTTP mode only. HTTPS will not be available.
2025-05-03T21:26:53: Running in HTTP mode only. HTTPS will not be available.
2025-05-03T21:26:53: Running in HTTP mode only. HTTPS will not be available.
2025-05-03T21:26:53: Running in HTTP mode only. HTTPS will not be available.
2025-05-03T21:26:53: Running in HTTP mode only. HTTPS will not be available.
2025-05-03T21:26:54: Running in HTTP mode only. HTTPS will not be available.
2025-05-03T21:26:54: Running in HTTP mode only. HTTPS will not be available.
2025-05-03T21:26:54: Running in HTTP mode only. HTTPS will not be available.
2025-05-03T21:26:55: Running in HTTP mode only. HTTPS will not be available.
2025-05-03T21:26:55: Running in HTTP mode only. HTTPS will not be available.
2025-05-03T21:26:55: Running in HTTP mode only. HTTPS will not be available.
2025-05-03T21:26:55: Running in HTTP mode only. HTTPS will not be available.
2025-05-03T21:26:56: Running in HTTP mode only. HTTPS will not be available.
2025-05-03T21:26:56: Running in HTTP mode only. HTTPS will not be available.
2025-05-03T21:26:56: Running in HTTP mode only. HTTPS will not be available.
2025-05-03T21:26:56: Running in HTTP mode only. HTTPS will not be available.
2025-05-03T21:26:57: Running in HTTP mode only. HTTPS will not be available.
2025-05-03T21:26:57: Running in HTTP mode only. HTTPS will not be available.
2025-05-03T21:26:57: Running in HTTP mode only. HTTPS will not be available.
2025-05-03T21:26:57: Running in HTTP mode only. HTTPS will not be available.
2025-05-03T21:26:57: Running in HTTP mode only. HTTPS will not be available.
2025-05-03T21:26:58: Running in HTTP mode only. HTTPS will not be available.
2025-05-03T21:26:58: Running in HTTP mode only. HTTPS will not be available.
2025-05-03T21:26:58: Running in HTTP mode only. HTTPS will not be available.
2025-05-03T21:26:58: Running in HTTP mode only. HTTPS will not be available.
2025-05-03T21:26:59: Running in HTTP mode only. HTTPS will not be available.
2025-05-03T21:26:59: Running in HTTP mode only. HTTPS will not be available.
2025-05-03T21:25:53: HTTP server running at http://ytworm25.kesug.com
